<?xml version="1.0" encoding="UTF-8"?>
<!-- Generated by org.testng.reporters.JUnitXMLReporter -->
<testsuite hostname="Appshark59" ignored="25" name="Chrome Test" tests="11" failures="0" timestamp="03 Oct 2018 11:49:22 GMT" time="739.15" errors="0">
  <testcase name="verifyCancelButtonfield" time="0.224" classname="com.bml.qa.testScripts.bulkLeadUpdatePageTest"/>
  <testcase name="verifyClicktoBrowsefield" time="0.165" classname="com.bml.qa.testScripts.bulkLeadUpdatePageTest"/>
  <testcase name="verifyProcessLeadsfield" time="0.2" classname="com.bml.qa.testScripts.bulkLeadUpdatePageTest"/>
  <testcase name="verifyBulkLeadUpdatePageFooter" time="0.591" classname="com.bml.qa.testScripts.bulkLeadUpdatePageTest"/>
  <testcase name="verifyCancelButtonStatus" time="0.047" classname="com.bml.qa.testScripts.bulkLeadUpdatePageTest"/>
  <testcase name="verifyClicktoBrowsefieldStatuswithSelectClient" time="1.143" classname="com.bml.qa.testScripts.bulkLeadUpdatePageTest"/>
  <testcase name="verifyErrormessagewithoutenterDropdownData" time="0.215" classname="com.bml.qa.testScripts.bulkLeadUpdatePageTest"/>
  <testcase name="verifyErrormessagewithoutuploadfile" time="0.166" classname="com.bml.qa.testScripts.bulkLeadUpdatePageTest"/>
  <testcase name="verifyProcessLeadsfieldStatus" time="0.087" classname="com.bml.qa.testScripts.bulkLeadUpdatePageTest"/>
  <testcase name="verifyClientsDropdownDefaultData" time="0.171" classname="com.bml.qa.testScripts.bulkLeadUpdatePageTest"/>
  <testcase name="verifyFileUpload" time="39.509" classname="com.bml.qa.testScripts.bulkLeadUpdatePageTest"/>
  <testcase name="verifyBulkLeadUpdatesMenu" time="0.0" classname="com.bml.qa.testScripts.bulkLeadUpdatePageTest">
    <ignored/>
  </testcase> <!-- verifyBulkLeadUpdatesMenu -->
  <testcase name="verifyClientsDropdownStatus" time="0.0" classname="com.bml.qa.testScripts.bulkLeadUpdatePageTest">
    <ignored/>
  </testcase> <!-- verifyClientsDropdownStatus -->
  <testcase name="verifyGlobalDropdownfieldfromBulkPage" time="0.0" classname="com.bml.qa.testScripts.bulkLeadUpdatePageTest">
    <ignored/>
  </testcase> <!-- verifyGlobalDropdownfieldfromBulkPage -->
  <testcase name="verifyLeadsMenuStatusfromBulkPage" time="0.0" classname="com.bml.qa.testScripts.bulkLeadUpdatePageTest">
    <ignored/>
  </testcase> <!-- verifyLeadsMenuStatusfromBulkPage -->
  <testcase name="verifyManageUsersMenuFuncfromBulkPage" time="0.0" classname="com.bml.qa.testScripts.bulkLeadUpdatePageTest">
    <ignored/>
  </testcase> <!-- verifyManageUsersMenuFuncfromBulkPage -->
  <testcase name="verifyClientsDropdownLabel" time="0.0" classname="com.bml.qa.testScripts.bulkLeadUpdatePageTest">
    <ignored/>
  </testcase> <!-- verifyClientsDropdownLabel -->
  <testcase name="verifyManageUsersMenufromBulkPage" time="0.0" classname="com.bml.qa.testScripts.bulkLeadUpdatePageTest">
    <ignored/>
  </testcase> <!-- verifyManageUsersMenufromBulkPage -->
  <testcase name="verifyManageUsersMenuStatusfromBulkPage" time="0.0" classname="com.bml.qa.testScripts.bulkLeadUpdatePageTest">
    <ignored/>
  </testcase> <!-- verifyManageUsersMenuStatusfromBulkPage -->
  <testcase name="verifyBulkLeadUpdatesMenuStatus" time="0.0" classname="com.bml.qa.testScripts.bulkLeadUpdatePageTest">
    <ignored/>
  </testcase> <!-- verifyBulkLeadUpdatesMenuStatus -->
  <testcase name="verifyBulkLeadUpdatesLogo" time="0.0" classname="com.bml.qa.testScripts.bulkLeadUpdatePageTest">
    <ignored/>
  </testcase> <!-- verifyBulkLeadUpdatesLogo -->
  <testcase name="verifyLeadsMenufromBulkPage" time="0.0" classname="com.bml.qa.testScripts.bulkLeadUpdatePageTest">
    <ignored/>
  </testcase> <!-- verifyLeadsMenufromBulkPage -->
  <testcase name="verifyDataMigrationMenufromBulkPage" time="0.0" classname="com.bml.qa.testScripts.bulkLeadUpdatePageTest">
    <ignored/>
  </testcase> <!-- verifyDataMigrationMenufromBulkPage -->
  <testcase name="verifyDataSelectionfromDropdown" time="0.0" classname="com.bml.qa.testScripts.bulkLeadUpdatePageTest">
    <ignored/>
  </testcase> <!-- verifyDataSelectionfromDropdown -->
  <testcase name="verifyIPConfigMenufromBulkPage" time="0.0" classname="com.bml.qa.testScripts.bulkLeadUpdatePageTest">
    <ignored/>
  </testcase> <!-- verifyIPConfigMenufromBulkPage -->
  <testcase name="verifyClientsDropdownData" time="0.0" classname="com.bml.qa.testScripts.bulkLeadUpdatePageTest">
    <ignored/>
  </testcase> <!-- verifyClientsDropdownData -->
  <testcase name="verifyIPConfigMenuFuncfromBulkPage" time="0.0" classname="com.bml.qa.testScripts.bulkLeadUpdatePageTest">
    <ignored/>
  </testcase> <!-- verifyIPConfigMenuFuncfromBulkPage -->
  <testcase name="verifyLeadsMenuClickfromBulkPage" time="0.0" classname="com.bml.qa.testScripts.bulkLeadUpdatePageTest">
    <ignored/>
  </testcase> <!-- verifyLeadsMenuClickfromBulkPage -->
  <testcase name="verifyTitle" time="0.0" classname="com.bml.qa.testScripts.bulkLeadUpdatePageTest">
    <ignored/>
  </testcase> <!-- verifyTitle -->
  <testcase name="verifyGlobalDropdownfieldStatusfromBulkPage" time="0.0" classname="com.bml.qa.testScripts.bulkLeadUpdatePageTest">
    <ignored/>
  </testcase> <!-- verifyGlobalDropdownfieldStatusfromBulkPage -->
  <testcase name="verifyIPConfigMenuStatusfromBulkPage" time="0.0" classname="com.bml.qa.testScripts.bulkLeadUpdatePageTest">
    <ignored/>
  </testcase> <!-- verifyIPConfigMenuStatusfromBulkPage -->
  <testcase name="verifyBulkLeadUpdatesHeader" time="0.0" classname="com.bml.qa.testScripts.bulkLeadUpdatePageTest">
    <ignored/>
  </testcase> <!-- verifyBulkLeadUpdatesHeader -->
  <testcase name="verifyDataMigrationMenuStatusfromBulkPage" time="0.0" classname="com.bml.qa.testScripts.bulkLeadUpdatePageTest">
    <ignored/>
  </testcase> <!-- verifyDataMigrationMenuStatusfromBulkPage -->
  <testcase name="verifyBulkLeadUpdatesMenuFunc" time="0.0" classname="com.bml.qa.testScripts.bulkLeadUpdatePageTest">
    <ignored/>
  </testcase> <!-- verifyBulkLeadUpdatesMenuFunc -->
  <testcase name="verifyDataMigrationMenuFuncfromBulkPage" time="0.0" classname="com.bml.qa.testScripts.bulkLeadUpdatePageTest">
    <ignored/>
  </testcase> <!-- verifyDataMigrationMenuFuncfromBulkPage -->
  <testcase name="verifyClientsDropdownfield" time="0.0" classname="com.bml.qa.testScripts.bulkLeadUpdatePageTest">
    <ignored/>
  </testcase> <!-- verifyClientsDropdownfield -->
</testsuite> <!-- Chrome Test -->
